::1 - - [17/Feb/2022:17:33:58 +0000] "GET / HTTP/1.1" 404 139
::1 - - [17/Feb/2022:17:34:14 +0000] "GET /api/words HTTP/1.1" 304 -
::1 - - [17/Feb/2022:18:06:49 +0000] "GET /api/words HTTP/1.1" 500 860
::1 - - [17/Feb/2022:18:08:07 +0000] "GET /api/words HTTP/1.1" 404 148
::1 - - [17/Feb/2022:18:10:05 +0000] "GET /api/words HTTP/1.1" 404 148
::1 - - [17/Feb/2022:18:12:12 +0000] "GET /api/words HTTP/1.1" 404 148
::1 - - [17/Feb/2022:18:12:37 +0000] "GET /api/words HTTP/1.1" 404 148
::1 - - [17/Feb/2022:18:14:22 +0000] "GET /api/words HTTP/1.1" 404 148
::1 - - [17/Feb/2022:18:16:36 +0000] "GET /api/words HTTP/1.1" 404 148
::1 - - [17/Feb/2022:18:20:43 +0000] "GET /api/words HTTP/1.1" 404 148
::1 - - [17/Feb/2022:18:22:05 +0000] "GET /api/words HTTP/1.1" 404 148
::1 - - [17/Feb/2022:18:23:50 +0000] "GET /api/words HTTP/1.1" 404 148
::1 - - [17/Feb/2022:18:29:04 +0000] "GET /api/words HTTP/1.1" 404 148
::1 - - [17/Feb/2022:18:29:20 +0000] "GET /api/words HTTP/1.1" 404 148
::1 - - [17/Feb/2022:18:30:31 +0000] "GET /api/words HTTP/1.1" 404 148
::1 - - [17/Feb/2022:18:32:44 +0000] "GET /api/words HTTP/1.1" 200 12
::1 - - [17/Feb/2022:19:36:14 +0000] "GET /api/words HTTP/1.1" 404 148
::1 - - [17/Feb/2022:19:43:12 +0000] "GET /api/words HTTP/1.1" 404 148
::1 - - [17/Feb/2022:19:43:54 +0000] "GET /api/words HTTP/1.1" 404 148
::1 - - [17/Feb/2022:19:46:09 +0000] "GET /api/words HTTP/1.1" 404 148
::1 - - [17/Feb/2022:19:47:13 +0000] "GET /api/words HTTP/1.1" 404 148
::1 - - [17/Feb/2022:19:47:52 +0000] "GET /api/words HTTP/1.1" 404 148
::1 - - [17/Feb/2022:19:52:48 +0000] "GET /api/words HTTP/1.1" 200 12
::1 - - [17/Feb/2022:19:55:15 +0000] "GET /api/words HTTP/1.1" 304 -
::1 - - [17/Feb/2022:19:55:57 +0000] "GET /api/words HTTP/1.1" 404 148
::1 - - [17/Feb/2022:19:56:24 +0000] "GET /api/words HTTP/1.1" 200 12
::1 - - [17/Feb/2022:19:57:21 +0000] "GET /api/words HTTP/1.1" 304 -
::1 - - [17/Feb/2022:19:57:41 +0000] "GET /api/words HTTP/1.1" 404 148
::1 - - [17/Feb/2022:20:05:52 +0000] "GET /api/words HTTP/1.1" 404 148
::1 - - [17/Feb/2022:20:06:34 +0000] "GET /api/words HTTP/1.1" 404 148
::1 - - [17/Feb/2022:20:08:00 +0000] "GET /api/words HTTP/1.1" 404 148
::1 - - [17/Feb/2022:20:12:03 +0000] "GET /api/words HTTP/1.1" 404 148
::1 - - [17/Feb/2022:20:15:04 +0000] "GET /api/words HTTP/1.1" 404 148
::1 - - [17/Feb/2022:20:15:22 +0000] "GET /api/words HTTP/1.1" 200 12
::1 - - [17/Feb/2022:20:17:06 +0000] "GET /api/words HTTP/1.1" 304 -
::1 - - [18/Feb/2022:15:32:57 +0000] "GET /api/wordsApi/word HTTP/1.1" 404 156
::1 - - [18/Feb/2022:15:36:56 +0000] "GET /api/wordsApi/?word=word HTTP/1.1" 404 152
::1 - - [18/Feb/2022:15:37:46 +0000] "GET /api/wordsApi HTTP/1.1" 404 151
::1 - - [18/Feb/2022:15:38:38 +0000] "GET /api/wordsApi/?word=word HTTP/1.1" 404 152
::1 - - [18/Feb/2022:15:39:28 +0000] "GET /api/wordsApi/ HTTP/1.1" 200 15
::1 - - [18/Feb/2022:15:57:19 +0000] "GET /api/wordsApi/?word=beautiful HTTP/1.1" 200 15
::1 - - [18/Feb/2022:15:57:55 +0000] "GET /api/wordsApi/?word=beautiful HTTP/1.1" 404 152
::1 - - [18/Feb/2022:16:00:16 +0000] "GET /api/wordsApi?word=beautiful HTTP/1.1" 200 15
::1 - - [18/Feb/2022:16:00:52 +0000] "GET /api/wordsApi?word=beautiful HTTP/1.1" 304 -
::1 - - [18/Feb/2022:16:02:30 +0000] "GET /api/wordsApi?word=beautiful HTTP/1.1" 304 -
::1 - - [18/Feb/2022:16:03:38 +0000] "GET /api/wordsApi?word=beautiful HTTP/1.1" 304 -
::1 - - [18/Feb/2022:16:04:50 +0000] "GET /api/wordsApi?word=beautiful HTTP/1.1" 304 -
::1 - - [18/Feb/2022:16:05:39 +0000] "GET /api/wordsApi?word=beautiful HTTP/1.1" 304 -
::1 - - [18/Feb/2022:16:05:58 +0000] "GET /api/wordsApi?word=beautiful HTTP/1.1" 304 -
::1 - - [18/Feb/2022:16:07:31 +0000] "GET /api/wordsApi?word=beautiful HTTP/1.1" 304 -
::1 - - [18/Feb/2022:16:07:41 +0000] "GET /api/wordsApi?word=beautiful HTTP/1.1" 304 -
::1 - - [18/Feb/2022:16:08:08 +0000] "GET /api/wordsApi?word=beautiful HTTP/1.1" 304 -
::1 - - [18/Feb/2022:16:08:52 +0000] "GET /api/wordsApi?word=beautiful HTTP/1.1" 304 -
::1 - - [18/Feb/2022:16:13:51 +0000] "GET /api/wordsApi?word=beautiful HTTP/1.1" 500 21
::1 - - [18/Feb/2022:16:16:48 +0000] "GET /api/wordsApi?word=beautiful HTTP/1.1" 500 21
::1 - - [18/Feb/2022:16:29:11 +0000] "GET /api/wordsApi?word=beautiful HTTP/1.1" 200 15
::1 - - [18/Feb/2022:16:30:00 +0000] "GET /api/wordsApi?word=beautiful HTTP/1.1" 500 21
::1 - - [18/Feb/2022:16:31:39 +0000] "GET /api/wordsApi?word=beautiful HTTP/1.1" 500 21
::1 - - [18/Feb/2022:16:32:17 +0000] "GET /api/wordsApi?word=beautiful HTTP/1.1" 200 1278
::1 - - [18/Feb/2022:16:32:43 +0000] "GET /api/wordsApi?word=beautifuladsd HTTP/1.1" 500 21
::1 - - [18/Feb/2022:16:42:07 +0000] "GET /api/wordsApi?word=beautiful HTTP/1.1" 200 1276
::1 - - [18/Feb/2022:19:36:42 +0000] "GET /api/wordsApi?word=diurnal HTTP/1.1" 200 1537
::1 - - [18/Feb/2022:19:45:21 +0000] "GET /api/wordsApi?word=diurnal HTTP/1.1" 304 -
::1 - - [18/Feb/2022:19:47:31 +0000] "GET /api/wordsApi?word=diurnal HTTP/1.1" 304 -
::1 - - [18/Feb/2022:19:48:13 +0000] "GET /api/wordsApi?word=diurnal HTTP/1.1" 304 -
::1 - - [18/Feb/2022:19:49:03 +0000] "GET /api/wordsApi?word=diurnal HTTP/1.1" 304 -
::1 - - [18/Feb/2022:19:49:18 +0000] "GET /api/wordsApi?word=diurnal HTTP/1.1" 304 -
::1 - - [18/Feb/2022:19:49:58 +0000] "GET /api/wordsApi?word=diurnal HTTP/1.1" 304 -
::1 - - [18/Feb/2022:19:50:19 +0000] "GET /api/wordsApi?word=diurnal HTTP/1.1" 304 -
::1 - - [18/Feb/2022:19:51:22 +0000] "GET /api/wordsApi?word=diurnal HTTP/1.1" 304 -
::1 - - [18/Feb/2022:19:53:02 +0000] "GET /api/wordsApi?word=diurnal HTTP/1.1" 304 -
::1 - - [18/Feb/2022:19:53:47 +0000] "GET /api/wordsApi?word=diurnal HTTP/1.1" 304 -
::1 - - [18/Feb/2022:19:55:28 +0000] "GET /api/wordsApi?word=diurnal HTTP/1.1" 200 676
::1 - - [18/Feb/2022:20:17:06 +0000] "GET /api/wordsApi?word=diurnal HTTP/1.1" 304 -
::1 - - [18/Feb/2022:20:17:11 +0000] "GET /api/wordsApi?word=diurnal HTTP/1.1" 304 -
::1 - - [18/Feb/2022:20:17:43 +0000] "GET /api/wordsApi?word=diurnal HTTP/1.1" 304 -
::1 - - [18/Feb/2022:20:18:05 +0000] "GET /api/wordsApi?word=diurnal HTTP/1.1" 304 -
::1 - - [18/Feb/2022:20:18:56 +0000] "GET /api/wordsApi?word=diurnal HTTP/1.1" 304 -
::1 - - [18/Feb/2022:20:19:49 +0000] "GET /api/wordsApi?word=diurnal HTTP/1.1" 304 -
::1 - - [18/Feb/2022:20:23:32 +0000] "GET /api/wordsApi?word=diurnal HTTP/1.1" 304 -
::1 - - [18/Feb/2022:20:31:04 +0000] "GET /api/wordsApi?word=diurnal HTTP/1.1" 304 -
::1 - - [19/Feb/2022:01:19:13 +0000] "GET /api/wordsApi?word=beautiful HTTP/1.1" 500 21
::1 - - [19/Feb/2022:01:20:26 +0000] "GET /api/wordsApi?word=beautiful HTTP/1.1" 500 21
::1 - - [19/Feb/2022:01:22:27 +0000] "GET /api/wordsApi?word=beautiful HTTP/1.1" 500 21
::1 - - [19/Feb/2022:01:22:42 +0000] "GET /api/wordsApi?word=beautiful HTTP/1.1" 500 21
::1 - - [19/Feb/2022:01:23:57 +0000] "GET /api/wordsApi?word=beautiful HTTP/1.1" 500 21
::1 - - [19/Feb/2022:01:24:24 +0000] "GET /api/wordsApi?word=beautiful HTTP/1.1" 500 21
::1 - - [19/Feb/2022:01:25:18 +0000] "GET /api/wordsApi?word=beautiful HTTP/1.1" 500 21
::1 - - [19/Feb/2022:01:28:22 +0000] "GET /api/wordsApi?word=beautiful HTTP/1.1" 500 21
::1 - - [19/Feb/2022:01:30:19 +0000] "GET /api/wordsApi?word=beautiful HTTP/1.1" 500 21
::1 - - [19/Feb/2022:01:31:07 +0000] "GET /api/wordsApi?word=beautiful HTTP/1.1" 200 15
::1 - - [19/Feb/2022:01:36:07 +0000] "GET /api/wordsApi?word=beautiful HTTP/1.1" 304 -
::1 - - [19/Feb/2022:01:39:58 +0000] "GET /api/wordsApi?word=prudent HTTP/1.1" 200 15
::1 - - [19/Feb/2022:01:40:47 +0000] "GET /api/wordsApi?word=prudent HTTP/1.1" 304 -
::1 - - [19/Feb/2022:01:41:08 +0000] "GET /api/wordsApi?word=prudent HTTP/1.1" 304 -
::1 - - [19/Feb/2022:01:41:25 +0000] "GET /api/wordsApi?word=prudent HTTP/1.1" 304 -
::1 - - [19/Feb/2022:01:43:22 +0000] "GET /api/wordsApi?word=prudent HTTP/1.1" 304 -
::1 - - [19/Feb/2022:01:44:05 +0000] "GET /api/wordsApi?word=prudent HTTP/1.1" 304 -
::1 - - [19/Feb/2022:01:49:38 +0000] "GET /api/wordsApi?word=prudent HTTP/1.1" 200 1739
::1 - - [19/Feb/2022:01:54:57 +0000] "GET /api/wordsApi?word=prudent HTTP/1.1" 200 1410
::1 - - [19/Feb/2022:01:55:56 +0000] "GET /api/wordsApi?word=prudent HTTP/1.1" 200 1438
::1 - - [19/Feb/2022:01:58:41 +0000] "GET /api/wordsApi?word=collocation HTTP/1.1" 200 83
::1 - - [19/Feb/2022:01:59:05 +0000] "GET /api/wordsApi?word=prudent HTTP/1.1" 200 1408
::1 - - [19/Feb/2022:02:00:22 +0000] "GET /api/wordsApi?word=prudent HTTP/1.1" 200 1295
::1 - - [19/Feb/2022:02:00:57 +0000] "GET /api/wordsApi?word=prudent HTTP/1.1" 304 -
::1 - - [19/Feb/2022:02:01:37 +0000] "GET /api/wordsApi?word=prudent HTTP/1.1" 304 -
::1 - - [19/Feb/2022:02:02:55 +0000] "GET /api/wordsApi?word=prudent HTTP/1.1" 304 -
::1 - - [19/Feb/2022:02:04:18 +0000] "GET /api/wordsApi?word=prudent HTTP/1.1" 304 -
::1 - - [19/Feb/2022:02:06:36 +0000] "GET /api/wordsApi?word=prudent HTTP/1.1" 200 1469
::1 - - [19/Feb/2022:02:07:41 +0000] "GET /api/wordsApi?word=prudent HTTP/1.1" 200 1529
::1 - - [19/Feb/2022:02:08:10 +0000] "GET /api/wordsApi?word=prudent HTTP/1.1" 304 -
::1 - - [19/Feb/2022:02:17:57 +0000] "GET /api/wordsApi?word=prudent HTTP/1.1" 200 1504
::1 - - [19/Feb/2022:02:21:47 +0000] "GET /api/wordsApi?word=prudent HTTP/1.1" 200 1709
::1 - - [19/Feb/2022:02:26:49 +0000] "GET /api/wordsApi?word=prudent HTTP/1.1" 200 1559
::1 - - [19/Feb/2022:03:18:18 +0000] "GET /api/wordsApi?word=prudent HTTP/1.1" 200 1589
::1 - - [19/Feb/2022:03:20:57 +0000] "GET /api/wordsApi?word=prudent HTTP/1.1" 200 1529
::1 - - [19/Feb/2022:03:21:53 +0000] "GET /api/wordsApi?word=prudent HTTP/1.1" 304 -
::1 - - [19/Feb/2022:03:22:30 +0000] "GET /api/wordsApi?word=prudent HTTP/1.1" 200 1499
::1 - - [19/Feb/2022:03:31:16 +0000] "GET /api/wordsApi?word=prudent HTTP/1.1" 200 433
::1 - - [19/Feb/2022:03:52:36 +0000] "GET /api/wordsApi?word=prudent HTTP/1.1" 200 739
::1 - - [19/Feb/2022:03:57:36 +0000] "GET /api/wordsApi?word=prudent HTTP/1.1" 304 -
::1 - - [19/Feb/2022:03:59:28 +0000] "GET /api/wordsApi?word=prudent HTTP/1.1" 200 739
::1 - - [19/Feb/2022:04:00:22 +0000] "GET /api/wordsApi?word=prudent HTTP/1.1" 200 562
::1 - - [19/Feb/2022:04:02:08 +0000] "GET /api/wordsApi?word=prudent HTTP/1.1" 304 -
::1 - - [19/Feb/2022:04:02:35 +0000] "GET /api/wordsApi?word=prudent HTTP/1.1" 304 -
::1 - - [19/Feb/2022:04:05:34 +0000] "GET /api/wordsApi?word=prudent HTTP/1.1" 304 -
::1 - - [19/Feb/2022:04:06:16 +0000] "GET /api/wordsApi?word=prudent HTTP/1.1" 304 -
::1 - - [19/Feb/2022:04:07:24 +0000] "GET /api/wordsApi?word=prudent HTTP/1.1" 200 695
::1 - - [19/Feb/2022:04:09:09 +0000] "GET /api/wordsApi?word=prudent HTTP/1.1" 200 1761
::1 - - [19/Feb/2022:04:18:30 +0000] "GET /api/wordsApi?word=prudent HTTP/1.1" 304 -
::1 - - [19/Feb/2022:04:19:55 +0000] "GET /api/wordsApi?word=prudent HTTP/1.1" 304 -
::1 - - [19/Feb/2022:04:21:21 +0000] "GET /api/wordsApi?word=prudent HTTP/1.1" 200 1763
::1 - - [19/Feb/2022:04:21:59 +0000] "GET /api/wordsApi?word=beautiful HTTP/1.1" 200 2263
::1 - - [19/Feb/2022:04:23:55 +0000] "GET /api/wordsApi?word=beautiful HTTP/1.1" 200 2259
::1 - - [19/Feb/2022:11:42:33 +0000] "GET /api/wordsApi?word=beautiful HTTP/1.1" 304 -
::1 - - [19/Feb/2022:12:10:28 +0000] "GET /api/words HTTP/1.1" 304 -
::1 - - [19/Feb/2022:12:10:45 +0000] "GET /api/words HTTP/1.1" 304 -
::1 - - [19/Feb/2022:12:11:47 +0000] "GET /api/words HTTP/1.1" 304 -
::1 - - [19/Feb/2022:12:11:55 +0000] "GET /api/words HTTP/1.1" 304 -
::1 - - [19/Feb/2022:12:11:59 +0000] "GET /api/words HTTP/1.1" 304 -
::1 - - [19/Feb/2022:12:12:28 +0000] "GET /api/words HTTP/1.1" 304 -
::1 - - [19/Feb/2022:12:13:27 +0000] "GET /api/words HTTP/1.1" 304 -
::1 - - [19/Feb/2022:12:13:59 +0000] "GET /api/words HTTP/1.1" 304 -
::1 - - [19/Feb/2022:12:15:34 +0000] "GET /api/words HTTP/1.1" 304 -
::1 - - [19/Feb/2022:12:16:37 +0000] "GET /api/words HTTP/1.1" 304 -
::1 - - [19/Feb/2022:12:16:41 +0000] "GET /api/words HTTP/1.1" 304 -
::1 - - [19/Feb/2022:12:18:13 +0000] "GET /api/wordsApi?word=beautiful HTTP/1.1" 304 -
::1 - - [19/Feb/2022:12:27:46 +0000] "GET /api/wordsApi?word=beautiful HTTP/1.1" 304 -
::1 - - [19/Feb/2022:12:29:02 +0000] "GET /api/words HTTP/1.1" 304 -
::1 - - [19/Feb/2022:12:29:07 +0000] "POST /api/words HTTP/1.1" - -
::1 - - [19/Feb/2022:12:29:08 +0000] "GET /api/words HTTP/1.1" 304 -
::1 - - [19/Feb/2022:12:32:47 +0000] "GET /api/words HTTP/1.1" 304 -
::1 - - [19/Feb/2022:12:33:01 +0000] "GET /api/words HTTP/1.1" 304 -
::1 - - [19/Feb/2022:12:33:39 +0000] "GET /api/words HTTP/1.1" 304 -
::1 - - [19/Feb/2022:12:33:51 +0000] "GET /api/words HTTP/1.1" 304 -
::1 - - [19/Feb/2022:12:34:05 +0000] "GET /api/wordsApi?word=beautiful HTTP/1.1" 304 -
::1 - - [20/Feb/2022:00:51:22 +0000] "GET /api/wordsApi?word=gratuitos HTTP/1.1" 500 21
::1 - - [20/Feb/2022:01:34:49 +0000] "GET /api/wordsApi?word=gratuitos HTTP/1.1" 500 21
::1 - - [20/Feb/2022:01:40:50 +0000] "GET /api/wordsApi?word=gratuitos HTTP/1.1" 500 21
::1 - - [20/Feb/2022:01:50:58 +0000] "GET /api/wordsApi?word=gratuitous HTTP/1.1" 200 1494
::1 - - [20/Feb/2022:02:34:47 +0000] "POST /api/words HTTP/1.1" 200 2
::1 - - [20/Feb/2022:03:02:23 +0000] "POST /api/words HTTP/1.1" 200 73
::1 - - [20/Feb/2022:03:03:30 +0000] "POST /api/words HTTP/1.1" 500 1294
::1 - - [20/Feb/2022:03:05:52 +0000] "POST /api/words HTTP/1.1" 500 1294
::1 - - [20/Feb/2022:03:06:19 +0000] "POST /api/words HTTP/1.1" 200 2
::1 - - [20/Feb/2022:03:07:27 +0000] "POST /api/words HTTP/1.1" 200 2
::1 - - [20/Feb/2022:03:08:48 +0000] "POST /api/words HTTP/1.1" 200 2
::1 - - [20/Feb/2022:03:10:15 +0000] "POST /api/words HTTP/1.1" 200 2
::1 - - [20/Feb/2022:03:11:01 +0000] "POST /api/words HTTP/1.1" 500 1294
::1 - - [20/Feb/2022:03:12:19 +0000] "POST /api/words HTTP/1.1" 500 1294
::1 - - [20/Feb/2022:03:23:48 +0000] "POST /api/words HTTP/1.1" 500 1294
::1 - - [20/Feb/2022:03:26:38 +0000] "POST /api/words HTTP/1.1" 200 2
::1 - - [20/Feb/2022:03:34:29 +0000] "POST /api/words HTTP/1.1" 500 1294
::1 - - [20/Feb/2022:03:34:55 +0000] "POST /api/words HTTP/1.1" 500 1294
::1 - - [20/Feb/2022:03:41:58 +0000] "POST /api/words HTTP/1.1" 200 2
::1 - - [20/Feb/2022:03:45:33 +0000] "POST /api/words HTTP/1.1" 500 1294
::1 - - [20/Feb/2022:03:51:09 +0000] "POST /api/words HTTP/1.1" 200 2
::1 - - [20/Feb/2022:04:04:36 +0000] "GET /api/words HTTP/1.1" 200 12
::1 - - [20/Feb/2022:04:04:46 +0000] "GET /api/words HTTP/1.1" 304 -
::1 - - [20/Feb/2022:04:05:26 +0000] "GET /api/words HTTP/1.1" 304 -
::1 - - [20/Feb/2022:04:06:08 +0000] "GET /api/words HTTP/1.1" 304 -
::1 - - [20/Feb/2022:04:06:29 +0000] "GET /api/wordsApi?word=paraphrase HTTP/1.1" 200 1857
::1 - - [20/Feb/2022:04:07:50 +0000] "GET /api/words HTTP/1.1" 304 -
::1 - - [20/Feb/2022:04:07:58 +0000] "GET /api/wordsApi?word=beautiful HTTP/1.1" 304 -
::1 - - [20/Feb/2022:04:08:26 +0000] "POST /api/words HTTP/1.1" 200 2
::1 - - [20/Feb/2022:20:11:28 +0000] "GET /api/words HTTP/1.1" 200 2
::1 - - [20/Feb/2022:20:40:09 +0000] "GET /api/words HTTP/1.1" 200 465
::1 - - [20/Feb/2022:20:43:34 +0000] "GET /api/words HTTP/1.1" 304 -
::1 - - [20/Feb/2022:20:43:40 +0000] "GET /api/words HTTP/1.1" 304 -
::1 - - [20/Feb/2022:20:47:44 +0000] "GET /api/words HTTP/1.1" 304 -
::1 - - [20/Feb/2022:20:47:46 +0000] "GET /api/words HTTP/1.1" 304 -
::1 - - [20/Feb/2022:20:48:17 +0000] "GET /api/words HTTP/1.1" 304 -
::1 - - [20/Feb/2022:20:48:17 +0000] "GET /api/words HTTP/1.1" 304 -
::1 - - [20/Feb/2022:20:48:22 +0000] "GET /api/words HTTP/1.1" 304 -
::1 - - [20/Feb/2022:23:30:29 +0000] "GET /api/words HTTP/1.1" 304 -
::1 - - [20/Feb/2022:23:30:29 +0000] "GET /api/words HTTP/1.1" 304 -
::1 - - [20/Feb/2022:23:59:14 +0000] "GET /api/words HTTP/1.1" 304 -
::1 - - [21/Feb/2022:00:00:01 +0000] "GET /api/words HTTP/1.1" 304 -
::1 - - [21/Feb/2022:00:04:40 +0000] "GET /api/words HTTP/1.1" 304 -
::1 - - [21/Feb/2022:00:05:05 +0000] "GET /api/words HTTP/1.1" 304 -
::1 - - [21/Feb/2022:00:05:37 +0000] "GET /api/words HTTP/1.1" 304 -
::1 - - [21/Feb/2022:00:06:34 +0000] "GET /api/words HTTP/1.1" 304 -
::1 - - [21/Feb/2022:00:07:54 +0000] "GET /api/words HTTP/1.1" 304 -
::1 - - [21/Feb/2022:00:09:25 +0000] "GET /api/words HTTP/1.1" 200 14
::1 - - [21/Feb/2022:00:18:32 +0000] "GET /api/words HTTP/1.1" 304 -
::1 - - [21/Feb/2022:00:20:30 +0000] "GET /api/words HTTP/1.1" 304 -
::1 - - [21/Feb/2022:00:33:15 +0000] "GET /api/words HTTP/1.1" 304 -
::1 - - [21/Feb/2022:00:42:19 +0000] "GET /api/words HTTP/1.1" 200 465
::1 - - [21/Feb/2022:00:45:33 +0000] "GET /api/words HTTP/1.1" 304 -
::1 - - [21/Feb/2022:01:02:26 +0000] "GET /api/words HTTP/1.1" 304 -
::1 - - [21/Feb/2022:01:08:26 +0000] "GET /api/words HTTP/1.1" 200 239
::1 - - [21/Feb/2022:01:11:51 +0000] "GET /api/words HTTP/1.1" 304 -
::1 - - [21/Feb/2022:01:13:27 +0000] "GET /api/words HTTP/1.1" 304 -
::1 - - [21/Feb/2022:01:13:46 +0000] "GET /api/words HTTP/1.1" 304 -
::1 - - [21/Feb/2022:01:18:21 +0000] "GET /api/words HTTP/1.1" 304 -
::1 - - [21/Feb/2022:01:23:48 +0000] "GET /api/words HTTP/1.1" 200 14
::1 - - [21/Feb/2022:01:24:29 +0000] "GET /api/words HTTP/1.1" 200 239
::1 - - [21/Feb/2022:02:07:07 +0000] "GET /api/words HTTP/1.1" 304 -
::1 - - [21/Feb/2022:02:07:56 +0000] "GET /api/words HTTP/1.1" 304 -
::1 - - [21/Feb/2022:02:10:56 +0000] "GET /api/words HTTP/1.1" 200 1695
::1 - - [21/Feb/2022:02:13:02 +0000] "GET /api/words HTTP/1.1" 200 1694
::1 - - [21/Feb/2022:13:51:19 +0000] "GET /api/words HTTP/1.1" 304 -
::1 - - [21/Feb/2022:13:51:19 +0000] "GET /api/words HTTP/1.1" 304 -
::1 - - [21/Feb/2022:14:04:25 +0000] "GET /api/words HTTP/1.1" 304 -
::1 - - [21/Feb/2022:14:04:26 +0000] "GET /api/words HTTP/1.1" 304 -
::1 - - [21/Feb/2022:14:05:31 +0000] "GET /api/words HTTP/1.1" 304 -
::1 - - [21/Feb/2022:14:05:31 +0000] "GET /api/words HTTP/1.1" 304 -
::1 - - [21/Feb/2022:14:07:47 +0000] "GET /api/words HTTP/1.1" 304 -
::1 - - [21/Feb/2022:14:07:48 +0000] "GET /api/words HTTP/1.1" 304 -
::1 - - [21/Feb/2022:14:11:09 +0000] "GET /api/words HTTP/1.1" 304 -
::1 - - [21/Feb/2022:14:11:09 +0000] "GET /api/words HTTP/1.1" 304 -
::1 - - [21/Feb/2022:14:14:37 +0000] "GET /api/words HTTP/1.1" 304 -
::1 - - [21/Feb/2022:14:14:38 +0000] "GET /api/words HTTP/1.1" 304 -
::1 - - [21/Feb/2022:14:24:11 +0000] "GET /api/words HTTP/1.1" 304 -
::1 - - [21/Feb/2022:14:24:12 +0000] "GET /api/words HTTP/1.1" 304 -
::1 - - [21/Feb/2022:14:25:33 +0000] "GET /api/words HTTP/1.1" 304 -
::1 - - [21/Feb/2022:14:25:34 +0000] "GET /api/words HTTP/1.1" 304 -
::1 - - [21/Feb/2022:14:26:33 +0000] "GET /api/words HTTP/1.1" 304 -
::1 - - [21/Feb/2022:14:26:34 +0000] "GET /api/words HTTP/1.1" 304 -
::1 - - [21/Feb/2022:14:27:54 +0000] "GET /api/words HTTP/1.1" 304 -
::1 - - [21/Feb/2022:14:27:55 +0000] "GET /api/words HTTP/1.1" 304 -
::1 - - [21/Feb/2022:14:47:40 +0000] "GET /api/words HTTP/1.1" 304 -
::1 - - [21/Feb/2022:14:47:41 +0000] "GET /api/words HTTP/1.1" 304 -
::1 - - [21/Feb/2022:14:52:28 +0000] "GET /api/words HTTP/1.1" 304 -
::1 - - [21/Feb/2022:14:53:31 +0000] "GET /api/words HTTP/1.1" 304 -
::1 - - [21/Feb/2022:14:53:31 +0000] "GET /api/words HTTP/1.1" 304 -
::1 - - [21/Feb/2022:14:53:56 +0000] "GET /api/words HTTP/1.1" 304 -
::1 - - [21/Feb/2022:14:54:38 +0000] "GET /api/words HTTP/1.1" 304 -
::1 - - [21/Feb/2022:14:54:39 +0000] "GET /api/words HTTP/1.1" 304 -
::1 - - [21/Feb/2022:14:54:54 +0000] "GET /api/words HTTP/1.1" 304 -
::1 - - [21/Feb/2022:14:57:31 +0000] "GET /api/words HTTP/1.1" 304 -
::1 - - [21/Feb/2022:14:57:32 +0000] "GET /api/words HTTP/1.1" 304 -
::1 - - [21/Feb/2022:14:58:33 +0000] "GET /api/words HTTP/1.1" 304 -
::1 - - [21/Feb/2022:14:58:34 +0000] "GET /api/words HTTP/1.1" 304 -
::1 - - [21/Feb/2022:14:58:45 +0000] "GET /api/words HTTP/1.1" 304 -
::1 - - [21/Feb/2022:14:58:54 +0000] "GET /api/words HTTP/1.1" 304 -
::1 - - [21/Feb/2022:15:00:32 +0000] "GET /api/words HTTP/1.1" 304 -
::1 - - [21/Feb/2022:15:00:33 +0000] "GET /api/words HTTP/1.1" 304 -
::1 - - [21/Feb/2022:15:02:01 +0000] "GET /api/words HTTP/1.1" 304 -
::1 - - [21/Feb/2022:15:02:17 +0000] "GET /api/words HTTP/1.1" 304 -
::1 - - [21/Feb/2022:15:20:43 +0000] "GET /api/words HTTP/1.1" 304 -
::1 - - [21/Feb/2022:15:20:44 +0000] "GET /api/words HTTP/1.1" 304 -
::1 - - [21/Feb/2022:15:20:59 +0000] "GET /api/words HTTP/1.1" 304 -
::1 - - [21/Feb/2022:15:23:58 +0000] "GET /api/words HTTP/1.1" 304 -
::1 - - [21/Feb/2022:15:23:58 +0000] "GET /api/words HTTP/1.1" 304 -
::1 - - [21/Feb/2022:15:24:49 +0000] "GET /api/words HTTP/1.1" 304 -
::1 - - [21/Feb/2022:15:25:08 +0000] "GET /api/words HTTP/1.1" 304 -
::1 - - [21/Feb/2022:15:25:09 +0000] "GET /api/words HTTP/1.1" 304 -
::1 - - [21/Feb/2022:15:26:31 +0000] "GET /api/words HTTP/1.1" 304 -
::1 - - [21/Feb/2022:15:26:31 +0000] "GET /api/words HTTP/1.1" 304 -
::1 - - [21/Feb/2022:15:26:40 +0000] "GET /api/words HTTP/1.1" 304 -
::1 - - [21/Feb/2022:15:53:25 +0000] "GET /api/words HTTP/1.1" 304 -
::1 - - [21/Feb/2022:17:38:22 +0000] "GET /api/words HTTP/1.1" 304 -
::1 - - [21/Feb/2022:17:38:22 +0000] "GET /api/words HTTP/1.1" 304 -
::1 - - [21/Feb/2022:17:38:40 +0000] "GET /api/words HTTP/1.1" 304 -
::1 - - [21/Feb/2022:17:38:46 +0000] "GET /api/words HTTP/1.1" 304 -
::1 - - [21/Feb/2022:17:38:47 +0000] "GET /api/words HTTP/1.1" 304 -
::1 - - [22/Feb/2022:11:57:52 +0000] "GET /api/words HTTP/1.1" 304 -
::1 - - [22/Feb/2022:12:00:18 +0000] "GET /api/words HTTP/1.1" 304 -
::1 - - [22/Feb/2022:12:00:19 +0000] "GET /api/words HTTP/1.1" 304 -
::1 - - [22/Feb/2022:12:00:52 +0000] "GET /api/words HTTP/1.1" 304 -
::1 - - [22/Feb/2022:12:07:43 +0000] "GET /api/words HTTP/1.1" 304 -
::1 - - [22/Feb/2022:12:08:38 +0000] "GET /api/words HTTP/1.1" 304 -
::1 - - [22/Feb/2022:12:09:28 +0000] "GET /api/words HTTP/1.1" 304 -
::1 - - [22/Feb/2022:12:37:13 +0000] "GET /api/words HTTP/1.1" 304 -
::1 - - [22/Feb/2022:12:42:55 +0000] "GET /api/words HTTP/1.1" 304 -
::1 - - [22/Feb/2022:12:43:22 +0000] "GET /api/words HTTP/1.1" 304 -
::1 - - [22/Feb/2022:14:19:53 +0000] "GET /api/words HTTP/1.1" 304 -
::1 - - [22/Feb/2022:14:21:56 +0000] "GET /api/words HTTP/1.1" 304 -
::1 - - [22/Feb/2022:14:44:06 +0000] "GET /api/words HTTP/1.1" 304 -
::1 - - [22/Feb/2022:14:49:01 +0000] "GET /api/words HTTP/1.1" 304 -
::1 - - [23/Feb/2022:02:12:49 +0000] "GET /api/words HTTP/1.1" 304 -
::1 - - [23/Feb/2022:02:14:30 +0000] "GET /api/words HTTP/1.1" 304 -
::1 - - [23/Feb/2022:02:15:30 +0000] "GET /api/words HTTP/1.1" 304 -
::1 - - [23/Feb/2022:02:17:05 +0000] "GET /api/words HTTP/1.1" - -
::1 - - [23/Feb/2022:02:17:08 +0000] "GET /api/words HTTP/1.1" 200 1694
::1 - - [23/Feb/2022:02:17:49 +0000] "GET /api/words HTTP/1.1" 304 -
::1 - - [23/Feb/2022:02:21:40 +0000] "GET /api/words HTTP/1.1" 304 -
::1 - - [23/Feb/2022:02:22:05 +0000] "GET /api/words HTTP/1.1" 304 -
::1 - - [23/Feb/2022:02:27:30 +0000] "GET /api/words HTTP/1.1" 304 -
::1 - - [23/Feb/2022:02:27:35 +0000] "GET /api/words HTTP/1.1" 200 1694
::1 - - [23/Feb/2022:02:32:58 +0000] "GET /api/words HTTP/1.1" 304 -
::1 - - [23/Feb/2022:02:33:43 +0000] "GET /api/words HTTP/1.1" 304 -
::1 - - [23/Feb/2022:02:36:02 +0000] "GET /api/words HTTP/1.1" 304 -
::1 - - [23/Feb/2022:02:36:15 +0000] "GET /api/words HTTP/1.1" 304 -
::1 - - [23/Feb/2022:03:01:10 +0000] "GET /api/words HTTP/1.1" 304 -
::1 - - [23/Feb/2022:03:01:51 +0000] "GET /api/words HTTP/1.1" - -
::1 - - [23/Feb/2022:03:01:55 +0000] "GET /api/words HTTP/1.1" 200 1694
::1 - - [23/Feb/2022:03:05:45 +0000] "GET /api/words HTTP/1.1" 304 -
::1 - - [08/Mar/2022:02:51:40 +0000] "GET /api/words HTTP/1.1" 200 1694
::1 - - [08/Mar/2022:03:00:54 +0000] "GET /api/wordsApi HTTP/1.1" 500 21
::1 - - [08/Mar/2022:03:00:55 +0000] "GET /favicon.ico HTTP/1.1" 404 150
::1 - - [08/Mar/2022:03:05:17 +0000] "GET /api/wordsApi HTTP/1.1" 500 21
::1 - - [08/Mar/2022:03:10:43 +0000] "GET /api/words HTTP/1.1" 304 -
::1 - - [08/Mar/2022:03:15:48 +0000] "GET /api/words HTTP/1.1" 304 -
::1 - - [08/Mar/2022:03:16:35 +0000] "GET /api/words HTTP/1.1" 304 -
::1 - - [08/Mar/2022:15:01:49 +0000] "GET /api/words HTTP/1.1" 304 -
::1 - - [08/Mar/2022:15:16:06 +0000] "GET /api/words HTTP/1.1" 304 -
::1 - - [08/Mar/2022:15:44:09 +0000] "GET /api/words HTTP/1.1" 304 -
::1 - - [08/Mar/2022:15:45:14 +0000] "GET /api/words HTTP/1.1" 304 -
::1 - - [08/Mar/2022:15:54:02 +0000] "GET /api/words HTTP/1.1" 304 -
::1 - - [08/Mar/2022:15:54:41 +0000] "GET /api/words HTTP/1.1" 304 -
::1 - - [08/Mar/2022:15:57:23 +0000] "GET /api/words HTTP/1.1" 304 -
::1 - - [08/Mar/2022:15:58:19 +0000] "GET /api/wordsApi?word=arrogant HTTP/1.1" 200 1856
::1 - - [09/Mar/2022:21:09:29 +0000] "GET /api/wordsApi?word=arrogant HTTP/1.1" 200 2199
::1 - - [09/Mar/2022:21:11:49 +0000] "GET /api/wordsApi?word=arrogant HTTP/1.1" 200 1963
::1 - - [09/Mar/2022:21:13:58 +0000] "GET /api/wordsApi?word=arrogant HTTP/1.1" 304 -
::1 - - [09/Mar/2022:21:17:10 +0000] "GET /api/wordsApi?word=arrogant HTTP/1.1" 304 -
::1 - - [09/Mar/2022:21:20:27 +0000] "GET /api/wordsApi?word=arrogant HTTP/1.1" 200 1961
::1 - - [09/Mar/2022:23:31:00 +0000] "GET /api/words HTTP/1.1" 304 -
::1 - - [09/Mar/2022:23:32:29 +0000] "GET /api/wordsApi?word=arrogant HTTP/1.1" 304 -
::1 - - [09/Mar/2022:23:35:26 +0000] "GET /api/words HTTP/1.1" 304 -
::1 - - [09/Mar/2022:23:35:38 +0000] "GET /api/wordsApi?word=arrogant HTTP/1.1" 304 -
::1 - - [09/Mar/2022:23:36:06 +0000] "GET /api/words HTTP/1.1" 304 -
::1 - - [09/Mar/2022:23:36:17 +0000] "GET /api/wordsApi?word=arrogant HTTP/1.1" 304 -
::1 - - [09/Mar/2022:23:42:16 +0000] "GET /api/words HTTP/1.1" 304 -
::1 - - [09/Mar/2022:23:42:24 +0000] "GET /api/wordsApi?word=arrogant HTTP/1.1" 304 -
::1 - - [09/Mar/2022:23:43:05 +0000] "GET /api/wordsApi?word=arrogant HTTP/1.1" 304 -
::1 - - [09/Mar/2022:23:46:02 +0000] "GET /api/wordsApi?word=arrogant HTTP/1.1" 304 -
::1 - - [10/Mar/2022:01:51:38 +0000] "GET /api/wordsApi?word=arrogant HTTP/1.1" 304 -
::1 - - [10/Mar/2022:01:53:27 +0000] "GET /api/wordsApi?word=arrogant HTTP/1.1" 304 -
::1 - - [10/Mar/2022:01:54:01 +0000] "GET /api/wordsApi?word=arrogant HTTP/1.1" 304 -
::1 - - [10/Mar/2022:01:55:58 +0000] "GET /api/wordsApi?word=arrogant HTTP/1.1" 304 -
::1 - - [10/Mar/2022:01:57:33 +0000] "GET /api/wordsApi?word=arrogant HTTP/1.1" 304 -
::1 - - [10/Mar/2022:01:59:01 +0000] "GET /api/words HTTP/1.1" 304 -
::1 - - [10/Mar/2022:01:59:19 +0000] "GET /api/wordsApi?word=arrogant HTTP/1.1" 304 -
::1 - - [10/Mar/2022:02:01:22 +0000] "GET /api/words HTTP/1.1" 304 -
::1 - - [10/Mar/2022:02:01:33 +0000] "GET /api/wordsApi?word=arrogant HTTP/1.1" 304 -
::1 - - [10/Mar/2022:02:02:36 +0000] "GET /api/wordsApi?word=arrogant HTTP/1.1" 304 -
::1 - - [10/Mar/2022:02:06:48 +0000] "GET /api/wordsApi?word=arrogant HTTP/1.1" 304 -
::1 - - [10/Mar/2022:02:07:41 +0000] "GET /api/wordsApi?word=arrogant HTTP/1.1" 304 -
::1 - - [10/Mar/2022:02:09:47 +0000] "GET /api/wordsApi?word=arrogant HTTP/1.1" 304 -
::1 - - [10/Mar/2022:02:25:17 +0000] "GET /api/wordsApi?word=arrogant HTTP/1.1" 304 -
::1 - - [10/Mar/2022:02:26:55 +0000] "GET /api/wordsApi?word=arrogant HTTP/1.1" 304 -
::1 - - [10/Mar/2022:02:47:17 +0000] "GET /api/words HTTP/1.1" 304 -
::1 - - [10/Mar/2022:02:47:30 +0000] "GET /api/wordsApi?word=arrogant HTTP/1.1" 304 -
::1 - - [10/Mar/2022:02:51:53 +0000] "GET /api/wordsApi?word=arrogant HTTP/1.1" 304 -
::1 - - [10/Mar/2022:02:51:57 +0000] "GET /api/wordsApi?word=arrogant HTTP/1.1" 304 -
::1 - - [10/Mar/2022:02:55:00 +0000] "GET /api/wordsApi?word=arrogant HTTP/1.1" 304 -
::1 - - [10/Mar/2022:03:07:13 +0000] "GET /api/wordsApi?word=arrogant HTTP/1.1" 304 -
::1 - - [10/Mar/2022:03:07:24 +0000] "GET /api/wordsApi?word=arrogant HTTP/1.1" 304 -
::1 - - [11/Mar/2022:23:43:34 +0000] "GET /api/wordsApi?word=arrogant HTTP/1.1" 200 1961
::1 - - [11/Mar/2022:23:48:24 +0000] "GET /api/wordsApi?word=arrogant HTTP/1.1" 304 -
::1 - - [11/Mar/2022:23:50:47 +0000] "GET /api/wordsApi?word=arrogant HTTP/1.1" 304 -
::1 - - [11/Mar/2022:23:52:19 +0000] "GET /api/words HTTP/1.1" 200 1695
::1 - - [11/Mar/2022:23:52:32 +0000] "GET /api/wordsApi?word=arrogant HTTP/1.1" 304 -
::1 - - [12/Mar/2022:00:06:22 +0000] "GET /api/words HTTP/1.1" 304 -
::1 - - [12/Mar/2022:00:06:31 +0000] "GET /api/wordsApi?word=arrogant HTTP/1.1" 304 -
::1 - - [12/Mar/2022:00:07:36 +0000] "GET /api/words HTTP/1.1" 304 -
::1 - - [12/Mar/2022:00:08:07 +0000] "GET /api/words HTTP/1.1" 304 -
::1 - - [12/Mar/2022:00:08:21 +0000] "GET /api/wordsApi?word=arrogant HTTP/1.1" 304 -
::1 - - [12/Mar/2022:00:08:56 +0000] "GET /api/words HTTP/1.1" 304 -
::1 - - [12/Mar/2022:00:09:03 +0000] "GET /api/wordsApi?word=arrogant HTTP/1.1" 304 -
::1 - - [12/Mar/2022:00:09:25 +0000] "GET /api/words HTTP/1.1" 304 -
::1 - - [12/Mar/2022:00:09:31 +0000] "GET /api/wordsApi?word=arrogant HTTP/1.1" 304 -
::1 - - [12/Mar/2022:00:37:47 +0000] "GET /api/words HTTP/1.1" 304 -
::1 - - [12/Mar/2022:00:38:05 +0000] "GET /api/wordsApi?word=arrogant HTTP/1.1" 304 -
::1 - - [12/Mar/2022:00:49:42 +0000] "GET /api/words HTTP/1.1" 304 -
::1 - - [12/Mar/2022:00:49:59 +0000] "GET /api/wordsApi?word=arrogant HTTP/1.1" 304 -
::1 - - [12/Mar/2022:00:56:39 +0000] "GET /api/words HTTP/1.1" 304 -
::1 - - [12/Mar/2022:00:56:53 +0000] "GET /api/wordsApi?word=arrogant HTTP/1.1" 304 -
::1 - - [12/Mar/2022:01:01:27 +0000] "GET /api/words HTTP/1.1" 304 -
::1 - - [12/Mar/2022:01:01:37 +0000] "GET /api/wordsApi?word=arrogant HTTP/1.1" 304 -
::1 - - [12/Mar/2022:01:02:01 +0000] "GET /api/words HTTP/1.1" 304 -
::1 - - [12/Mar/2022:01:02:56 +0000] "GET /api/wordsApi?word=arrogant HTTP/1.1" 304 -
::1 - - [12/Mar/2022:01:12:36 +0000] "GET /api/words HTTP/1.1" 304 -
::1 - - [12/Mar/2022:01:12:43 +0000] "GET /api/wordsApi?word=arrogant HTTP/1.1" 304 -
::1 - - [12/Mar/2022:01:18:11 +0000] "GET /api/words HTTP/1.1" 304 -
::1 - - [12/Mar/2022:01:18:33 +0000] "GET /api/wordsApi?word=arrogant HTTP/1.1" 304 -
::1 - - [12/Mar/2022:01:19:27 +0000] "GET /api/words HTTP/1.1" 304 -
::1 - - [12/Mar/2022:01:19:36 +0000] "GET /api/wordsApi?word=arrogant HTTP/1.1" 304 -
::1 - - [12/Mar/2022:01:36:55 +0000] "GET /api/wordsApi?word=arrogant HTTP/1.1" 304 -
::1 - - [12/Mar/2022:02:00:09 +0000] "GET /api/words HTTP/1.1" 304 -
::1 - - [12/Mar/2022:02:00:18 +0000] "GET /api/wordsApi?word=arrogant HTTP/1.1" 304 -
::1 - - [15/Mar/2022:01:58:46 +0000] "GET /api/words HTTP/1.1" 200 1695
::1 - - [15/Mar/2022:01:59:51 +0000] "GET /api/wordsApi?word=arrogant HTTP/1.1" 200 1961
